<?xml version="1.0" encoding="UTF-8"?>
<!-- Generated by org.testng.reporters.JUnitReportReporter -->
<testsuite skipped="0" hostname="User1-PC" name="com.syntax.utils.BaseClass" tests="1" failures="0" timestamp="08 Jun 2019 18:21:26 GMT" time="5.617" errors="0">
  <testcase name="setUpDriver" time="5.617" classname="com.syntax.utils.BaseClass"/>
</testsuite> <!-- com.syntax.utils.BaseClass -->
