<?xml version="1.0" encoding="UTF-8"?>
<!-- Generated by org.testng.reporters.JUnitReportReporter -->
<testsuite skipped="0" hostname="User1-PC" name="com.syntax.practice.ExcelDemo" tests="1" failures="0" timestamp="15 Jun 2019 17:15:51 GMT" time="0.668" errors="0">
  <testcase name="readExcel" time="0.668" classname="com.syntax.practice.ExcelDemo"/>
</testsuite> <!-- com.syntax.practice.ExcelDemo -->
