<?xml version="1.0" encoding="UTF-8"?>
<!-- Generated by org.testng.reporters.JUnitReportReporter -->
<testsuite skipped="1" hostname="User1-PC" name="com.syntax.testcases.AddEmployeeTest" tests="1" failures="0" timestamp="15 Jun 2019 19:17:30 GMT" time="0.000" errors="0">
  <testcase name="AddEmployee" time="0.000" classname="com.syntax.testcases.AddEmployeeTest">
    <skipped/>
  </testcase> <!-- AddEmployee -->
</testsuite> <!-- com.syntax.testcases.AddEmployeeTest -->
